Arguments: 
  /usr/local/bin/node /Users/jerrodbunce/.yarn/bin/yarn.js add node-canvas

PATH: 
  /Users/jerrodbunce/.yarn/bin:/Users/jerrodbunce/.config/yarn/global/node_modules/.bin:/usr/local/bin:/opt/local/bin:/opt/local/sbin:/usr/local/bin:/usr/bin:/bin:/usr/sbin:/sbin:/usr/local/MacGPG2/bin:/Applications/Postgres.app/Contents/Versions/latest/bin

Yarn version: 
  1.22.4

Node version: 
  14.15.3

Platform: 
  darwin x64

Trace: 
  Error: https://registry.yarnpkg.com/node-canvas: Not found
      at Request.params.callback [as _callback] (/Users/jerrodbunce/.yarn/lib/cli.js:66987:18)
      at Request.self.callback (/Users/jerrodbunce/.yarn/lib/cli.js:140748:22)
      at Request.emit (events.js:315:20)
      at Request.<anonymous> (/Users/jerrodbunce/.yarn/lib/cli.js:141720:10)
      at Request.emit (events.js:315:20)
      at IncomingMessage.<anonymous> (/Users/jerrodbunce/.yarn/lib/cli.js:141642:12)
      at Object.onceWrapper (events.js:421:28)
      at IncomingMessage.emit (events.js:327:22)
      at endReadableNT (internal/streams/readable.js:1327:12)
      at processTicksAndRejections (internal/process/task_queues.js:80:21)

npm manifest: 
  {
      "name": "epaperjs",
      "version": "1.3.3",
      "description": "Simple e-Paper display on a Raspberry Pi using Javascript and HTML",
      "main": "index.js",
      "scripts": {
          "build": "node-gyp rebuild",
          "clean": "node-gyp clean",
          "format:write": "prettier --write .",
          "format:check": "prettier --check ."
      },
      "author": {
          "name": "Samson King",
          "email": "samson@samsonmking.com",
          "url": "https://github.com/samsonmking"
      },
      "repository": {
          "type": "git",
          "url": "https://github.com/samsonmking/epaper.js"
      },
      "license": "MIT",
      "devDependencies": {
          "node-gyp": "^7.0.0",
          "prettier": "2.1.2"
      },
      "gypfile": true,
      "dependencies": {
          "bindings": "^1.5.0",
          "canvas": "^2.6.1",
          "express": "^4.17.1",
          "node-addon-api": "^3.0.0",
          "png.js": "^0.2.1",
          "puppeteer-core": "^4.0.0",
          "sharp": "^0.26.3",
          "ws": "^7.3.1"
      }
  }

yarn manifest: 
  No manifest

Lockfile: 
  No lockfile
